<?xml version="1.0" encoding="UTF-8"?>
<!-- Generated by org.testng.reporters.JUnitReportReporter -->
<testsuite hostname="Payel" failures="0" tests="1" name="com.eccomerce.testscripts.amazonprice.CapturePriceTest" time="1.706" errors="0" timestamp="2019-12-24T17:25:46 IST" skipped="0">
  <testcase classname="com.eccomerce.testscripts.amazonprice.CapturePriceTest" name="capturePriceTest" time="1.706"/>
</testsuite> <!-- com.eccomerce.testscripts.amazonprice.CapturePriceTest -->
